<?xml version="1.0" encoding="UTF-8"?>
<!-- Generated by org.testng.reporters.JUnitReportReporter -->
<testsuite skipped="0" hostname="DESKTOP-BV1H0TR" name="test.Jenkins_Git_Demo" tests="1" failures="0" timestamp="18 Feb 2018 21:22:03 GMT" time="6.186" errors="0">
  <testcase name="test" time="6.186" classname="test.Jenkins_Git_Demo"/>
</testsuite> <!-- test.Jenkins_Git_Demo -->
